D:\TEXT-SEARCH-MASTER\TEXTSEARCHCPLUSE\DEBUG\TEXTSEARCHCPLUSE.PCH
D:\TEXT-SEARCH-MASTER\TEXTSEARCHCPLUSE\DEBUG\STDAFX.OBJ
D:\TEXT-SEARCH-MASTER\TEXTSEARCHCPLUSE\DEBUG\VC110.PDB
D:\TEXT-SEARCH-MASTER\TEXTSEARCHCPLUSE\DEBUG\DLLMAIN.OBJ
D:\TEXT-SEARCH-MASTER\TEXTSEARCHCPLUSE\DEBUG\TEXTSEARCHCPLUSE.OBJ
D:\TEXT-SEARCH-MASTER\TEXT-SEARCH-MASTER\DEBUG\TEXTSEARCHCPLUSE.ILK
D:\TEXT-SEARCH-MASTER\TEXT-SEARCH-MASTER\DEBUG\TEXTSEARCHCPLUSE.DLL
D:\TEXT-SEARCH-MASTER\TEXT-SEARCH-MASTER\DEBUG\TEXTSEARCHCPLUSE.PDB
D:\Text-Search-master\Text-Search-master\Debug\TextSearchCpluse.lib
D:\Text-Search-master\Text-Search-master\Debug\TextSearchCpluse.exp
D:\Text-Search-master\TextSearchCpluse\Debug\dllmain.obj
D:\Text-Search-master\TextSearchCpluse\Debug\stdafx.obj
D:\Text-Search-master\TextSearchCpluse\Debug\TextSearchCpluse.obj
D:\Text-Search-master\TextSearchCpluse\Debug\cl.command.1.tlog
D:\Text-Search-master\TextSearchCpluse\Debug\CL.read.1.tlog
D:\Text-Search-master\TextSearchCpluse\Debug\CL.write.1.tlog
D:\Text-Search-master\TextSearchCpluse\Debug\link-cvtres.read.1.tlog
D:\Text-Search-master\TextSearchCpluse\Debug\link-cvtres.write.1.tlog
D:\Text-Search-master\TextSearchCpluse\Debug\link-rc.read.1.tlog
D:\Text-Search-master\TextSearchCpluse\Debug\link-rc.write.1.tlog
D:\Text-Search-master\TextSearchCpluse\Debug\link.command.1.tlog
D:\Text-Search-master\TextSearchCpluse\Debug\link.read.1.tlog
D:\Text-Search-master\TextSearchCpluse\Debug\link.write.1.tlog
D:\Text-Search-master\TextSearchCpluse\Debug\TextSearchCpluse.write.1.tlog
D:\Text-Search-master\TextSearchCpluse\Debug\TextSearchCpluse.pch
D:\Text-Search-master\TextSearchCpluse\Debug\vc110.idb
D:\Text-Search-master\TextSearchCpluse\Debug\vc110.pdb
D:\Text-Search-master\Text-Search-master\Debug\TextSearchCpluse.pdb
D:\Text-Search-master\Text-Search-master\Debug\TextSearchCpluse.dll
D:\Text-Search-master\Text-Search-master\Debug\TextSearchCpluse.ilk
