Build started 30-Dec-16 10:17:08 PM.
Project "C:\Users\nadaa\Desktop\Projects\Text Search\TextSearchCpluse\TextSearchCpluse.vcxproj" on node 2 (Rebuild target(s)).
ClCompile:
  C:\Program Files (x86)\Microsoft Visual Studio 12.0\VC\bin\CL.exe /c /Zi /nologo /W3 /WX- /sdl /MP /O2 /Oi /Oy- /GL /D WIN32 /D NDEBUG /D _WINDOWS /D _USRDLL /D TEXTSEARCHCPLUSE_EXPORTS /D _WINDLL /D _UNICODE /D UNICODE /Gm- /EHsc /MD /GS /Gy /fp:precise /Zc:wchar_t /Zc:forScope /openmp /Yc"stdafx.h" /Fp"Release\TextSearchCpluse.pch" /Fo"Release\\" /Fd"Release\vc120.pdb" /Gd /TP /analyze- /errorReport:prompt stdafx.cpp
  stdafx.cpp
  C:\Program Files (x86)\Microsoft Visual Studio 12.0\VC\bin\CL.exe /c /Zi /nologo /W3 /WX- /sdl /MP /O2 /Oi /Oy- /GL /D WIN32 /D NDEBUG /D _WINDOWS /D _USRDLL /D TEXTSEARCHCPLUSE_EXPORTS /D _WINDLL /D _UNICODE /D UNICODE /Gm- /EHsc /MD /GS /Gy /fp:precise /Zc:wchar_t /Zc:forScope /openmp /Fo"Release\\" /Fd"Release\vc120.pdb" /Gd /TP /analyze- /errorReport:prompt dllmain.cpp
  dllmain.cpp
  C:\Program Files (x86)\Microsoft Visual Studio 12.0\VC\bin\CL.exe /c /Zi /nologo /W3 /WX- /sdl /MP /O2 /Oi /Oy- /GL /D WIN32 /D NDEBUG /D _WINDOWS /D _USRDLL /D TEXTSEARCHCPLUSE_EXPORTS /D _WINDLL /D _UNICODE /D UNICODE /Gm- /EHsc /MD /GS /Gy /fp:precise /Zc:wchar_t /Zc:forScope /openmp /Yu"stdafx.h" /Fp"Release\TextSearchCpluse.pch" /Fo"Release\\" /Fd"Release\vc120.pdb" /Gd /TP /analyze- /errorReport:prompt TextSearchCpluse.cpp
  TextSearchCpluse.cpp
TextSearchCpluse.cpp(4): warning C4627: '#include <atlmem.h>': skipped when looking for precompiled header use
          Add directive to 'stdafx.h' or rebuild precompiled header
TextSearchCpluse.cpp(27): warning C4018: '<' : signed/unsigned mismatch
TextSearchCpluse.cpp(79): warning C4018: '<' : signed/unsigned mismatch
Link:
  C:\Program Files (x86)\Microsoft Visual Studio 12.0\VC\bin\link.exe /ERRORREPORT:PROMPT /OUT:"C:\Users\nadaa\Desktop\Projects\Text Search\Release\TextSearchCpluse.dll" /INCREMENTAL:NO /NOLOGO kernel32.lib user32.lib gdi32.lib winspool.lib comdlg32.lib advapi32.lib shell32.lib ole32.lib oleaut32.lib uuid.lib odbc32.lib odbccp32.lib /MANIFEST /MANIFESTUAC:"level='asInvoker' uiAccess='false'" /manifest:embed /DEBUG /PDB:"C:\Users\nadaa\Desktop\Projects\Text Search\Release\TextSearchCpluse.pdb" /SUBSYSTEM:WINDOWS /OPT:REF /OPT:ICF /LTCG /TLBID:1 /DYNAMICBASE /NXCOMPAT /IMPLIB:"C:\Users\nadaa\Desktop\Projects\Text Search\Release\TextSearchCpluse.lib" /MACHINE:X86 /SAFESEH /DLL Release\dllmain.obj
  Release\stdafx.obj
  Release\TextSearchCpluse.obj
     Creating library C:\Users\nadaa\Desktop\Projects\Text Search\Release\TextSearchCpluse.lib and object C:\Users\nadaa\Desktop\Projects\Text Search\Release\TextSearchCpluse.exp
  Generating code
  Finished generating code
  TextSearchCpluse.vcxproj -> C:\Users\nadaa\Desktop\Projects\Text Search\Release\TextSearchCpluse.dll
Done Building Project "C:\Users\nadaa\Desktop\Projects\Text Search\TextSearchCpluse\TextSearchCpluse.vcxproj" (Rebuild target(s)).

Build succeeded.

Time Elapsed 00:00:06.68
